<?xml version="1.0" encoding="utf-8"?>
<shfbBuild product="Sandcastle Help File Builder and Tools" version="2017.5.15.0" projectFile="D:\usr\jade\jade\dev_tools\SDKDocsBuilder\en-US-tempBuild.shfbproj" started="2/28/2019 1:26:23 PM">
<buildStep step="Initializing">
Finding tools...
The Sandcastle tools are located in &#39;D:\Program Files (x86)\EWSoftware\Sandcastle Help File Builder\&#39;
Locating components in the following folder(s):
    D:\usr\jade\jade\DevToolsInternal\Ruyi\
    D:\usr\jade\jade\dev_tools\SDKDocsBuilder
    C:\ProgramData\EWSoftware\Sandcastle Help File Builder\Components and Plug-Ins\
    D:\Program Files (x86)\EWSoftware\Sandcastle Help File Builder\
Using framework reflection data for &#39;Cross-platform (.NET Core/.NET Standard)&#39; located in &#39;D:\Program Files (x86)\EWSoftware\Sandcastle Help File Builder\Data\.NETFramework&#39;
Using presentation style &#39;SDKLibPresentation&#39; located in &#39;D:\usr\jade\jade\DevToolsInternal\Ruyi\Presentation&#39;
Loading and initializing plug-ins...
RuyiSDKApiFilter Version 1.0.0.0
Copyright &#169;RuYi 2017, Used internal only, All Rights Reserved.
RuyiSDKCommentsModifier Version 1.0.0.0
Copyright &#169;RuYi 2017, Used internal only, All Rights Reserved.
Assembly Binding Redirection Version 2017.5.15.0
Copyright &#169; 2006-2017, Eric Woodruff, All Rights Reserved
Lightweight Website Style Version 2017.5.15.0
Copyright &#169; 2006-2017, Eric Woodruff, All Rights Reserved
Portions Copyright &#169; 2014, Sam Harwell, All Rights Reserved
</buildStep>
<buildStep step="ClearWorkFolder">
Clearing working folder...
-------------------------------
Clearing any prior web/markdown output...
</buildStep>
<buildStep step="ValidatingDocumentationSources">
Validating and copying documentation source information
Source: D:\usr\jade\jade\output\Release\RuyiSDK.nf2.0\RuyiSDK.dll
    Found assembly &#39;D:\usr\jade\jade\output\Release\RuyiSDK.nf2.0\RuyiSDK.dll&#39;
Source: D:\usr\jade\jade\output\Release\RuyiSDK.nf2.0\RuyiSDK.xml
Source: D:\usr\jade\jade\output\Release\RuyiSDK.nf2.0\SDK.Base.nf2.0.dll
    Found assembly &#39;D:\usr\jade\jade\output\Release\RuyiSDK.nf2.0\SDK.Base.nf2.0.dll&#39;
Source: D:\usr\jade\jade\output\Release\RuyiSDK.nf2.0\SDK.Base.nf2.0.xml
Source: D:\usr\jade\jade\output\Release\RuyiSDK.nf2.0\ServiceGenerated.dll
    Found assembly &#39;D:\usr\jade\jade\output\Release\RuyiSDK.nf2.0\ServiceGenerated.dll&#39;
Source: D:\usr\jade\jade\dev_tools\SDKDocsBuilder\ServiceGenerated.xml

Copying XML comments files
    D:\usr\jade\jade\output\Release\RuyiSDK.nf2.0\RuyiSDK.xml -&gt; D:\usr\jade\jade\dev_tools\SDKDocsBuilder\WorkDir\RuyiSDK.xml
    D:\usr\jade\jade\output\Release\RuyiSDK.nf2.0\SDK.Base.nf2.0.xml -&gt; D:\usr\jade\jade\dev_tools\SDKDocsBuilder\WorkDir\SDK.Base.nf2.0.xml
    D:\usr\jade\jade\dev_tools\SDKDocsBuilder\ServiceGenerated.xml -&gt; D:\usr\jade\jade\dev_tools\SDKDocsBuilder\WorkDir\ServiceGenerated.xml
<plugIn name="RuyiSDKCommentsModifier" behavior="After" priority="1000">
In DocumentsSHFBPluginsPlugIn Execute() method: D:\usr\jade\jade\dev_tools\SDKDocsBuilder\WorkDir\
comments file copied!
</plugIn></buildStep>
<buildStep step="GenerateSharedContent">
Generating shared content files (en-US, English (United States))...
<plugIn name="Lightweight Website Style" behavior="After" priority="1000">
</plugIn>    Last step completed in 00:00:00.0110
</buildStep>
<buildStep step="GenerateApiFilter">
Generating API filter for MRefBuilder...
<plugIn name="RuyiSDKApiFilter" behavior="After" priority="1000">
In DocumentsSHFBPluginsPlugIn Execute() method
32 filters copied!
</plugIn>    Last step completed in 00:00:00.0710
</buildStep>
<buildStep step="GenerateReflectionInfo">
Generating reflection information...
<plugIn name="Assembly Binding Redirection" behavior="Before" priority="1000">
Adding ignored assembly names to assembly resolver configuration:
    BusinessObjects.Licensing.KeycodeDecoder
    Microsoft.VisualStudio.TestTools.UITest.Playback
    NetMQ
    Newtonsoft.Json
    Thrift
</plugIn>[C:\Program Files (x86)\Microsoft Visual Studio\2017\Community\MSBuild\15.0\Bin\MSBuild.exe - GenerateRefInfo.proj]
Build started 2/28/2019 1:26:25 PM.
Project &quot;D:\usr\jade\jade\dev_tools\SDKDocsBuilder\WorkDir\GenerateRefInfo.proj&quot; on node 1 (default targets).
PrepareForBuild:
  Creating directory &quot;obj\Debug\&quot;.
GenerateRefInfo:
  MRefBuilder (v2017.5.15.0)
  Copyright c 2006-2017, Microsoft Corporation, All Rights Reserved.
  Portions Copyright c 2006-2016, Eric Woodruff, All Rights Reserved.
  No source code context base path specified.  Source context information is unavailable.
  Loaded 3 assemblies for reflection and 1 dependency assemblies.
  Wrote information on 17 namespaces, 308 types, and 2537 members
  Copying file from &quot;reflection.org&quot; to &quot;reflection.all&quot;.
  XslTransform (v2017.5.15.0)
  Copyright c 2006-2017, Microsoft Corporation, All Rights Reserved.
  Portions Copyright c 2006-2016, Eric Woodruff, All Rights Reserved.
  Applying XSL transformation &#39;D:\Program Files (x86)\EWSoftware\Sandcastle Help File Builder\ProductionTransforms\MergeDuplicates.xsl&#39;.
Done Building Project &quot;D:\usr\jade\jade\dev_tools\SDKDocsBuilder\WorkDir\GenerateRefInfo.proj&quot; (default targets).
    Last step completed in 00:00:04.7206
</buildStep>
<buildStep step="TransformReflectionInfo">
Transforming reflection output...
[C:\Program Files (x86)\Microsoft Visual Studio\2017\Community\MSBuild\15.0\Bin\MSBuild.exe - TransformManifest.proj]
Build started 2/28/2019 1:26:30 PM.
Project &quot;D:\usr\jade\jade\dev_tools\SDKDocsBuilder\WorkDir\TransformManifest.proj&quot; on node 1 (default targets).
TransformManifest:
  XslTransform (v2017.5.15.0)
  Copyright c 2006-2017, Microsoft Corporation, All Rights Reserved.
  Portions Copyright c 2006-2016, Eric Woodruff, All Rights Reserved.
  Applying XSL transformation &#39;D:\Program Files (x86)\EWSoftware\Sandcastle Help File Builder\\ProductionTransforms\ApplyVSDocModel.xsl&#39;.
  Copying file from &quot;reflection.xml&quot; to &quot;reflection.nofilenames&quot;.
  XslTransform (v2017.5.15.0)
  Copyright c 2006-2017, Microsoft Corporation, All Rights Reserved.
  Portions Copyright c 2006-2016, Eric Woodruff, All Rights Reserved.
  Applying XSL transformation &#39;D:\Program Files (x86)\EWSoftware\Sandcastle Help File Builder\ProductionTransforms\AddFilenames.xsl&#39;.
  XslTransform (v2017.5.15.0)
  Copyright c 2006-2017, Microsoft Corporation, All Rights Reserved.
  Portions Copyright c 2006-2016, Eric Woodruff, All Rights Reserved.
  Applying XSL transformation &#39;D:\Program Files (x86)\EWSoftware\Sandcastle Help File Builder\ProductionTransforms\ReflectionToManifest.xsl&#39;.
Done Building Project &quot;D:\usr\jade\jade\dev_tools\SDKDocsBuilder\WorkDir\TransformManifest.proj&quot; (default targets).
    Last step completed in 00:00:02.0471
</buildStep>
<buildStep step="GenerateNamespaceSummaries">
Generating namespace summary information...
    Last step completed in 00:00:00.0920
</buildStep>
<buildStep step="CopyConceptualContent">
Copying conceptual content...
Copying standard token shared content file...
Checking for other token files...
Checking for code snippets files...
Copying images and creating the media map file...
Generating conceptual topic files
    Parsing topic file &#39;D:\usr\jade\jade\dev_tools\SDKDocsBuilder\Content\Welcome.aml&#39;
    D:\usr\jade\jade\dev_tools\SDKDocsBuilder\Content\Welcome.aml -&gt; D:\usr\jade\jade\dev_tools\SDKDocsBuilder\WorkDir\ddueXml\424e585c-0de3-417c-9f85-22202b648796.xml
    Parsing topic file &#39;D:\usr\jade\jade\dev_tools\SDKDocsBuilder\Content\VersionHistory\VersionHistory.aml&#39;
    D:\usr\jade\jade\dev_tools\SDKDocsBuilder\Content\VersionHistory\VersionHistory.aml -&gt; D:\usr\jade\jade\dev_tools\SDKDocsBuilder\WorkDir\ddueXml\02ab61b8-7e08-4304-b94d-501fbafea82b.xml
    Parsing topic file &#39;D:\usr\jade\jade\dev_tools\SDKDocsBuilder\Content\VersionHistory\v1.0.0.0.aml&#39;
    D:\usr\jade\jade\dev_tools\SDKDocsBuilder\Content\VersionHistory\v1.0.0.0.aml -&gt; D:\usr\jade\jade\dev_tools\SDKDocsBuilder\WorkDir\ddueXml\4638930d-5f28-4168-b184-f59fbd638dd8.xml
    Last step completed in 00:00:00.0290
</buildStep>
<buildStep step="CreateConceptualTopicConfigs">
Creating conceptual topic configuration files...
    Companion files
    _ContentMetadata_.xml
    Merging topic IDs into manifest.xml
    Last step completed in 00:00:00.0150
</buildStep>
<buildStep step="CopyAdditionalContent">
Copying additional content files...
D:\usr\jade\jade\dev_tools\SDKDocsBuilder\icons\Help.png -&gt; D:\usr\jade\jade\dev_tools\SDKDocsBuilder\WorkDir\Output\Website\icons\Help.png
    Last step completed in 00:00:00.0040
</buildStep>
<buildStep step="MergeTablesOfContents">
Merging conceptual and additional tables of contents...
    Last step completed in 00:00:00.0030
</buildStep>
<buildStep step="GenerateIntermediateTableOfContents">
Generating intermediate table of contents file...
[C:\Program Files (x86)\Microsoft Visual Studio\2017\Community\MSBuild\15.0\Bin\MSBuild.exe - GenerateIntermediateTOC.proj]
Build started 2/28/2019 1:26:32 PM.
Project &quot;D:\usr\jade\jade\dev_tools\SDKDocsBuilder\WorkDir\GenerateIntermediateTOC.proj&quot; on node 1 (default targets).
GenerateIntermediateTOC:
  XslTransform (v2017.5.15.0)
  Copyright c 2006-2017, Microsoft Corporation, All Rights Reserved.
  Portions Copyright c 2006-2016, Eric Woodruff, All Rights Reserved.
  Applying XSL transformation &#39;D:\Program Files (x86)\EWSoftware\Sandcastle Help File Builder\\ProductionTransforms\CreateVSToc.xsl&#39;.
Done Building Project &quot;D:\usr\jade\jade\dev_tools\SDKDocsBuilder\WorkDir\GenerateIntermediateTOC.proj&quot; (default targets).
Generating conceptual content intermediate TOC file...
    Last step completed in 00:00:00.3605
</buildStep>
<buildStep step="CreateBuildAssemblerConfigs">
Creating Sandcastle configuration files...
    sandcastle.config
    Last step completed in 00:00:00.1710
</buildStep>
<buildStep step="MergeCustomConfigs">
Merging custom build component configurations
D:\usr\jade\jade\dev_tools\SDKDocsBuilder\WorkDir\sandcastle.config
  Updating reference topic configurations.
    The configuration for &#39;Code Block Component&#39; is disabled and will not be used.
  Updating conceptual topic configurations.
    The configuration for &#39;Code Block Component&#39; is disabled and will not be used.
    Removing unused ExampleComponent.
    Last step completed in 00:00:00.0080
</buildStep>
<buildStep step="BuildTopics">
Building help topics...
[C:\Program Files (x86)\Microsoft Visual Studio\2017\Community\MSBuild\15.0\Bin\MSBuild.exe - BuildTopics.proj]
Build started 2/28/2019 1:26:32 PM.
Project &quot;D:\usr\jade\jade\dev_tools\SDKDocsBuilder\WorkDir\BuildTopics.proj&quot; on node 1 (default targets).
BuildTopics:
  BuildAssembler (v2017.5.15.0)
  Copyright c 2006-2017, Microsoft Corporation, All Rights Reserved.
  Portions Copyright c 2006-2016, Eric Woodruff, All Rights Reserved.
  Loading configuration...
  Processing topics...
  Processed 2801 topic(s)
  CopyFromIndexComponent: &quot;metadata&quot; in-memory cache entries used: 1 of 15.
  ResolveArtLinksComponent: Copying media files...
  CopyFromIndexComponent: &quot;reflection&quot; in-memory cache entries used: 5 of 15.
  CopyFromIndexComponent: &quot;comments&quot; in-memory cache entries used: 3 of 30.
Done Building Project &quot;D:\usr\jade\jade\dev_tools\SDKDocsBuilder\WorkDir\BuildTopics.proj&quot; (default targets).
    Last step completed in 00:00:15.3308
</buildStep>
<buildStep step="CombiningIntermediateTocFiles">
Combining conceptual and API intermediate TOC files...
    Last step completed in 00:00:00.0140
</buildStep>
<buildStep step="ExtractingHtmlInfo">
Extracting HTML info for HTML Help 1 and/or website...
[C:\Program Files (x86)\Microsoft Visual Studio\2017\Community\MSBuild\15.0\Bin\MSBuild.exe - ExtractHtmlInfo.proj]
Sandcastle Help File Builder and Tools, version 2017.5.15.0
Copyright c 2006-2017, Eric Woodruff, All Rights Reserved
E-Mail: Eric@EWoodruff.us

Using LCID &#39;1033&#39;, code page &#39;65001&#39;, encoding charset &#39;UTF-8&#39;.

Processing website files in D:\usr\jade\jade\dev_tools\SDKDocsBuilder\WorkDir\Output\Website
Processed 2801 HTML files
Sorting keywords and generating See Also indices
Saving website keyword index to D:\usr\jade\jade\dev_tools\SDKDocsBuilder\WorkDir\WebKI.xml
Saving website table of contents to D:\usr\jade\jade\dev_tools\SDKDocsBuilder\WorkDir\WebTOC.xml
    Last step completed in 00:00:01.9036
</buildStep>
<buildStep step="CopyStandardHelpContent">
Copying standard help content...
D:\usr\jade\jade\DevToolsInternal\Ruyi\Presentation\icons\AlertCaution.png -&gt; D:\usr\jade\jade\dev_tools\SDKDocsBuilder\WorkDir\Output\Website\icons\AlertCaution.png
D:\usr\jade\jade\DevToolsInternal\Ruyi\Presentation\icons\AlertNote.png -&gt; D:\usr\jade\jade\dev_tools\SDKDocsBuilder\WorkDir\Output\Website\icons\AlertNote.png
D:\usr\jade\jade\DevToolsInternal\Ruyi\Presentation\icons\AlertSecurity.png -&gt; D:\usr\jade\jade\dev_tools\SDKDocsBuilder\WorkDir\Output\Website\icons\AlertSecurity.png
D:\usr\jade\jade\DevToolsInternal\Ruyi\Presentation\icons\CFW.gif -&gt; D:\usr\jade\jade\dev_tools\SDKDocsBuilder\WorkDir\Output\Website\icons\CFW.gif
D:\usr\jade\jade\DevToolsInternal\Ruyi\Presentation\icons\CodeExample.png -&gt; D:\usr\jade\jade\dev_tools\SDKDocsBuilder\WorkDir\Output\Website\icons\CodeExample.png
D:\usr\jade\jade\DevToolsInternal\Ruyi\Presentation\icons\favicon.ico -&gt; D:\usr\jade\jade\dev_tools\SDKDocsBuilder\WorkDir\Output\Website\icons\favicon.ico
D:\usr\jade\jade\DevToolsInternal\Ruyi\Presentation\icons\privclass.gif -&gt; D:\usr\jade\jade\dev_tools\SDKDocsBuilder\WorkDir\Output\Website\icons\privclass.gif
D:\usr\jade\jade\DevToolsInternal\Ruyi\Presentation\icons\privdelegate.gif -&gt; D:\usr\jade\jade\dev_tools\SDKDocsBuilder\WorkDir\Output\Website\icons\privdelegate.gif
D:\usr\jade\jade\DevToolsInternal\Ruyi\Presentation\icons\privenumeration.gif -&gt; D:\usr\jade\jade\dev_tools\SDKDocsBuilder\WorkDir\Output\Website\icons\privenumeration.gif
D:\usr\jade\jade\DevToolsInternal\Ruyi\Presentation\icons\privevent.gif -&gt; D:\usr\jade\jade\dev_tools\SDKDocsBuilder\WorkDir\Output\Website\icons\privevent.gif
D:\usr\jade\jade\DevToolsInternal\Ruyi\Presentation\icons\privextension.gif -&gt; D:\usr\jade\jade\dev_tools\SDKDocsBuilder\WorkDir\Output\Website\icons\privextension.gif
D:\usr\jade\jade\DevToolsInternal\Ruyi\Presentation\icons\privfield.gif -&gt; D:\usr\jade\jade\dev_tools\SDKDocsBuilder\WorkDir\Output\Website\icons\privfield.gif
D:\usr\jade\jade\DevToolsInternal\Ruyi\Presentation\icons\privinterface.gif -&gt; D:\usr\jade\jade\dev_tools\SDKDocsBuilder\WorkDir\Output\Website\icons\privinterface.gif
D:\usr\jade\jade\DevToolsInternal\Ruyi\Presentation\icons\privmethod.gif -&gt; D:\usr\jade\jade\dev_tools\SDKDocsBuilder\WorkDir\Output\Website\icons\privmethod.gif
D:\usr\jade\jade\DevToolsInternal\Ruyi\Presentation\icons\privproperty.gif -&gt; D:\usr\jade\jade\dev_tools\SDKDocsBuilder\WorkDir\Output\Website\icons\privproperty.gif
D:\usr\jade\jade\DevToolsInternal\Ruyi\Presentation\icons\privstructure.gif -&gt; D:\usr\jade\jade\dev_tools\SDKDocsBuilder\WorkDir\Output\Website\icons\privstructure.gif
D:\usr\jade\jade\DevToolsInternal\Ruyi\Presentation\icons\protclass.gif -&gt; D:\usr\jade\jade\dev_tools\SDKDocsBuilder\WorkDir\Output\Website\icons\protclass.gif
D:\usr\jade\jade\DevToolsInternal\Ruyi\Presentation\icons\protdelegate.gif -&gt; D:\usr\jade\jade\dev_tools\SDKDocsBuilder\WorkDir\Output\Website\icons\protdelegate.gif
D:\usr\jade\jade\DevToolsInternal\Ruyi\Presentation\icons\protenumeration.gif -&gt; D:\usr\jade\jade\dev_tools\SDKDocsBuilder\WorkDir\Output\Website\icons\protenumeration.gif
D:\usr\jade\jade\DevToolsInternal\Ruyi\Presentation\icons\protevent.gif -&gt; D:\usr\jade\jade\dev_tools\SDKDocsBuilder\WorkDir\Output\Website\icons\protevent.gif
D:\usr\jade\jade\DevToolsInternal\Ruyi\Presentation\icons\protextension.gif -&gt; D:\usr\jade\jade\dev_tools\SDKDocsBuilder\WorkDir\Output\Website\icons\protextension.gif
D:\usr\jade\jade\DevToolsInternal\Ruyi\Presentation\icons\protfield.gif -&gt; D:\usr\jade\jade\dev_tools\SDKDocsBuilder\WorkDir\Output\Website\icons\protfield.gif
D:\usr\jade\jade\DevToolsInternal\Ruyi\Presentation\icons\protinterface.gif -&gt; D:\usr\jade\jade\dev_tools\SDKDocsBuilder\WorkDir\Output\Website\icons\protinterface.gif
D:\usr\jade\jade\DevToolsInternal\Ruyi\Presentation\icons\protmethod.gif -&gt; D:\usr\jade\jade\dev_tools\SDKDocsBuilder\WorkDir\Output\Website\icons\protmethod.gif
D:\usr\jade\jade\DevToolsInternal\Ruyi\Presentation\icons\protoperator.gif -&gt; D:\usr\jade\jade\dev_tools\SDKDocsBuilder\WorkDir\Output\Website\icons\protoperator.gif
D:\usr\jade\jade\DevToolsInternal\Ruyi\Presentation\icons\protproperty.gif -&gt; D:\usr\jade\jade\dev_tools\SDKDocsBuilder\WorkDir\Output\Website\icons\protproperty.gif
D:\usr\jade\jade\DevToolsInternal\Ruyi\Presentation\icons\protstructure.gif -&gt; D:\usr\jade\jade\dev_tools\SDKDocsBuilder\WorkDir\Output\Website\icons\protstructure.gif
D:\usr\jade\jade\DevToolsInternal\Ruyi\Presentation\icons\pubclass.gif -&gt; D:\usr\jade\jade\dev_tools\SDKDocsBuilder\WorkDir\Output\Website\icons\pubclass.gif
D:\usr\jade\jade\DevToolsInternal\Ruyi\Presentation\icons\pubdelegate.gif -&gt; D:\usr\jade\jade\dev_tools\SDKDocsBuilder\WorkDir\Output\Website\icons\pubdelegate.gif
D:\usr\jade\jade\DevToolsInternal\Ruyi\Presentation\icons\pubenumeration.gif -&gt; D:\usr\jade\jade\dev_tools\SDKDocsBuilder\WorkDir\Output\Website\icons\pubenumeration.gif
D:\usr\jade\jade\DevToolsInternal\Ruyi\Presentation\icons\pubevent.gif -&gt; D:\usr\jade\jade\dev_tools\SDKDocsBuilder\WorkDir\Output\Website\icons\pubevent.gif
D:\usr\jade\jade\DevToolsInternal\Ruyi\Presentation\icons\pubextension.gif -&gt; D:\usr\jade\jade\dev_tools\SDKDocsBuilder\WorkDir\Output\Website\icons\pubextension.gif
D:\usr\jade\jade\DevToolsInternal\Ruyi\Presentation\icons\pubfield.gif -&gt; D:\usr\jade\jade\dev_tools\SDKDocsBuilder\WorkDir\Output\Website\icons\pubfield.gif
D:\usr\jade\jade\DevToolsInternal\Ruyi\Presentation\icons\pubinterface.gif -&gt; D:\usr\jade\jade\dev_tools\SDKDocsBuilder\WorkDir\Output\Website\icons\pubinterface.gif
D:\usr\jade\jade\DevToolsInternal\Ruyi\Presentation\icons\pubmethod.gif -&gt; D:\usr\jade\jade\dev_tools\SDKDocsBuilder\WorkDir\Output\Website\icons\pubmethod.gif
D:\usr\jade\jade\DevToolsInternal\Ruyi\Presentation\icons\puboperator.gif -&gt; D:\usr\jade\jade\dev_tools\SDKDocsBuilder\WorkDir\Output\Website\icons\puboperator.gif
D:\usr\jade\jade\DevToolsInternal\Ruyi\Presentation\icons\pubproperty.gif -&gt; D:\usr\jade\jade\dev_tools\SDKDocsBuilder\WorkDir\Output\Website\icons\pubproperty.gif
D:\usr\jade\jade\DevToolsInternal\Ruyi\Presentation\icons\pubstructure.gif -&gt; D:\usr\jade\jade\dev_tools\SDKDocsBuilder\WorkDir\Output\Website\icons\pubstructure.gif
D:\usr\jade\jade\DevToolsInternal\Ruyi\Presentation\icons\SectionCollapsed.png -&gt; D:\usr\jade\jade\dev_tools\SDKDocsBuilder\WorkDir\Output\Website\icons\SectionCollapsed.png
D:\usr\jade\jade\DevToolsInternal\Ruyi\Presentation\icons\SectionExpanded.png -&gt; D:\usr\jade\jade\dev_tools\SDKDocsBuilder\WorkDir\Output\Website\icons\SectionExpanded.png
D:\usr\jade\jade\DevToolsInternal\Ruyi\Presentation\icons\slMobile.gif -&gt; D:\usr\jade\jade\dev_tools\SDKDocsBuilder\WorkDir\Output\Website\icons\slMobile.gif
D:\usr\jade\jade\DevToolsInternal\Ruyi\Presentation\icons\static.gif -&gt; D:\usr\jade\jade\dev_tools\SDKDocsBuilder\WorkDir\Output\Website\icons\static.gif
D:\usr\jade\jade\DevToolsInternal\Ruyi\Presentation\icons\xna.gif -&gt; D:\usr\jade\jade\dev_tools\SDKDocsBuilder\WorkDir\Output\Website\icons\xna.gif
D:\usr\jade\jade\DevToolsInternal\Ruyi\Presentation\scripts\branding.js -&gt; D:\usr\jade\jade\dev_tools\SDKDocsBuilder\WorkDir\Output\Website\scripts\branding.js
D:\usr\jade\jade\DevToolsInternal\Ruyi\Presentation\styles\branding-cs-CZ.css -&gt; D:\usr\jade\jade\dev_tools\SDKDocsBuilder\WorkDir\Output\Website\styles\branding-cs-CZ.css
D:\usr\jade\jade\DevToolsInternal\Ruyi\Presentation\styles\branding-de-DE.css -&gt; D:\usr\jade\jade\dev_tools\SDKDocsBuilder\WorkDir\Output\Website\styles\branding-de-DE.css
D:\usr\jade\jade\DevToolsInternal\Ruyi\Presentation\styles\branding-en-US.css -&gt; D:\usr\jade\jade\dev_tools\SDKDocsBuilder\WorkDir\Output\Website\styles\branding-en-US.css
D:\usr\jade\jade\DevToolsInternal\Ruyi\Presentation\styles\branding-es-ES.css -&gt; D:\usr\jade\jade\dev_tools\SDKDocsBuilder\WorkDir\Output\Website\styles\branding-es-ES.css
D:\usr\jade\jade\DevToolsInternal\Ruyi\Presentation\styles\branding-fr-FR.css -&gt; D:\usr\jade\jade\dev_tools\SDKDocsBuilder\WorkDir\Output\Website\styles\branding-fr-FR.css
D:\usr\jade\jade\DevToolsInternal\Ruyi\Presentation\styles\branding-Help1.css -&gt; D:\usr\jade\jade\dev_tools\SDKDocsBuilder\WorkDir\Output\Website\styles\branding-Help1.css
D:\usr\jade\jade\DevToolsInternal\Ruyi\Presentation\styles\branding-HelpViewer.css -&gt; D:\usr\jade\jade\dev_tools\SDKDocsBuilder\WorkDir\Output\Website\styles\branding-HelpViewer.css
D:\usr\jade\jade\DevToolsInternal\Ruyi\Presentation\styles\branding-it-IT.css -&gt; D:\usr\jade\jade\dev_tools\SDKDocsBuilder\WorkDir\Output\Website\styles\branding-it-IT.css
D:\usr\jade\jade\DevToolsInternal\Ruyi\Presentation\styles\branding-ja-JP.css -&gt; D:\usr\jade\jade\dev_tools\SDKDocsBuilder\WorkDir\Output\Website\styles\branding-ja-JP.css
D:\usr\jade\jade\DevToolsInternal\Ruyi\Presentation\styles\branding-ko-KR.css -&gt; D:\usr\jade\jade\dev_tools\SDKDocsBuilder\WorkDir\Output\Website\styles\branding-ko-KR.css
D:\usr\jade\jade\DevToolsInternal\Ruyi\Presentation\styles\branding-pl-PL.css -&gt; D:\usr\jade\jade\dev_tools\SDKDocsBuilder\WorkDir\Output\Website\styles\branding-pl-PL.css
D:\usr\jade\jade\DevToolsInternal\Ruyi\Presentation\styles\branding-pt-BR.css -&gt; D:\usr\jade\jade\dev_tools\SDKDocsBuilder\WorkDir\Output\Website\styles\branding-pt-BR.css
D:\usr\jade\jade\DevToolsInternal\Ruyi\Presentation\styles\branding-ru-RU.css -&gt; D:\usr\jade\jade\dev_tools\SDKDocsBuilder\WorkDir\Output\Website\styles\branding-ru-RU.css
D:\usr\jade\jade\DevToolsInternal\Ruyi\Presentation\styles\branding-tr-TR.css -&gt; D:\usr\jade\jade\dev_tools\SDKDocsBuilder\WorkDir\Output\Website\styles\branding-tr-TR.css
D:\usr\jade\jade\DevToolsInternal\Ruyi\Presentation\styles\branding-Website.css -&gt; D:\usr\jade\jade\dev_tools\SDKDocsBuilder\WorkDir\Output\Website\styles\branding-Website.css
D:\usr\jade\jade\DevToolsInternal\Ruyi\Presentation\styles\branding-zh-CN.css -&gt; D:\usr\jade\jade\dev_tools\SDKDocsBuilder\WorkDir\Output\Website\styles\branding-zh-CN.css
D:\usr\jade\jade\DevToolsInternal\Ruyi\Presentation\styles\branding-zh-TW.css -&gt; D:\usr\jade\jade\dev_tools\SDKDocsBuilder\WorkDir\Output\Website\styles\branding-zh-TW.css
D:\usr\jade\jade\DevToolsInternal\Ruyi\Presentation\styles\branding.css -&gt; D:\usr\jade\jade\dev_tools\SDKDocsBuilder\WorkDir\Output\Website\styles\branding.css
D:\usr\jade\jade\DevToolsInternal\Ruyi\Presentation\Web\index.html -&gt; D:\usr\jade\jade\dev_tools\SDKDocsBuilder\WorkDir\Output\Website\index.html
D:\usr\jade\jade\DevToolsInternal\Ruyi\Presentation\Web\search.html -&gt; D:\usr\jade\jade\dev_tools\SDKDocsBuilder\WorkDir\Output\Website\search.html
D:\usr\jade\jade\DevToolsInternal\Ruyi\Presentation\Web\SearchHelp.aspx -&gt; D:\usr\jade\jade\dev_tools\SDKDocsBuilder\WorkDir\Output\Website\SearchHelp.aspx
D:\usr\jade\jade\DevToolsInternal\Ruyi\Presentation\Web\SearchHelp.inc.php -&gt; D:\usr\jade\jade\dev_tools\SDKDocsBuilder\WorkDir\Output\Website\SearchHelp.inc.php
D:\usr\jade\jade\DevToolsInternal\Ruyi\Presentation\Web\SearchHelp.php -&gt; D:\usr\jade\jade\dev_tools\SDKDocsBuilder\WorkDir\Output\Website\SearchHelp.php
D:\usr\jade\jade\DevToolsInternal\Ruyi\Presentation\Web\Web.Config -&gt; D:\usr\jade\jade\dev_tools\SDKDocsBuilder\WorkDir\Output\Website\Web.Config
D:\usr\jade\jade\DevToolsInternal\Ruyi\Presentation\Web\html\GeneralError.htm -&gt; D:\usr\jade\jade\dev_tools\SDKDocsBuilder\WorkDir\Output\Website\html\GeneralError.htm
D:\usr\jade\jade\DevToolsInternal\Ruyi\Presentation\Web\html\PageNotFound.htm -&gt; D:\usr\jade\jade\dev_tools\SDKDocsBuilder\WorkDir\Output\Website\html\PageNotFound.htm
D:\usr\jade\jade\DevToolsInternal\Ruyi\Presentation\Web\icons\Search.png -&gt; D:\usr\jade\jade\dev_tools\SDKDocsBuilder\WorkDir\Output\Website\icons\Search.png
D:\usr\jade\jade\DevToolsInternal\Ruyi\Presentation\Web\icons\TocClose.gif -&gt; D:\usr\jade\jade\dev_tools\SDKDocsBuilder\WorkDir\Output\Website\icons\TocClose.gif
D:\usr\jade\jade\DevToolsInternal\Ruyi\Presentation\Web\icons\TocCollapsed.gif -&gt; D:\usr\jade\jade\dev_tools\SDKDocsBuilder\WorkDir\Output\Website\icons\TocCollapsed.gif
D:\usr\jade\jade\DevToolsInternal\Ruyi\Presentation\Web\icons\TocExpanded.gif -&gt; D:\usr\jade\jade\dev_tools\SDKDocsBuilder\WorkDir\Output\Website\icons\TocExpanded.gif
D:\usr\jade\jade\DevToolsInternal\Ruyi\Presentation\Web\icons\TocOpen.gif -&gt; D:\usr\jade\jade\dev_tools\SDKDocsBuilder\WorkDir\Output\Website\icons\TocOpen.gif
D:\usr\jade\jade\DevToolsInternal\Ruyi\Presentation\Web\scripts\branding-Website.js -&gt; D:\usr\jade\jade\dev_tools\SDKDocsBuilder\WorkDir\Output\Website\scripts\branding-Website.js
D:\usr\jade\jade\DevToolsInternal\Ruyi\Presentation\Web\scripts\clipboard.min.js -&gt; D:\usr\jade\jade\dev_tools\SDKDocsBuilder\WorkDir\Output\Website\scripts\clipboard.min.js
D:\usr\jade\jade\DevToolsInternal\Ruyi\Presentation\Web\scripts\jquery-1.11.0.min.js -&gt; D:\usr\jade\jade\dev_tools\SDKDocsBuilder\WorkDir\Output\Website\scripts\jquery-1.11.0.min.js
    Last step completed in 00:00:00.3300
</buildStep>
<buildStep step="GenerateHelpFormatTableOfContents">
Generating website table of contents file...
    Last step completed in 00:00:00.0010
</buildStep>
<buildStep step="GenerateFullTextIndex">
Generating full-text index for the website...

<plugIn name="Lightweight Website Style" behavior="After" priority="1000">
Adding lightweight search and TOC elements to each topic...
</plugIn>    Last step completed in 00:00:04.1021
</buildStep>
<buildStep step="CopyingWebsiteFiles">
Copying website files to output folder...

Copied 500 files
Copied 1000 files
Copied 1500 files
Copied 2000 files
Copied 2500 files
Copied 3000 files
Copied 3500 files
Copied 3628 files for the website content
    Last step completed in 00:00:09.7751
</buildStep>
<buildStep step="Completed">

Build completed successfully at 2/28/2019 1:27:04 PM.  Total time: 00:00:40.1947

</buildStep>
</shfbBuild>
